<?xml version="1.0" encoding="UTF-8"?>
<!-- Generated by org.testng.reporters.JUnitReportReporter -->
<testsuite hostname="DESKTOP-5H7VECH" failures="0" tests="2" name="MavenTuts.MavenJava.AppiumTest" time="0.021" errors="0" timestamp="2022-08-11T20:24:35 IST" skipped="0">
  <testcase classname="MavenTuts.MavenJava.AppiumTest" name="IOSApp" time="0.016"/>
  <system-out/>
  <testcase classname="MavenTuts.MavenJava.AppiumTest" name="nativeApp" time="0.005"/>
  <system-out/>
</testsuite> <!-- MavenTuts.MavenJava.AppiumTest -->
