<?xml version="1.0" encoding="UTF-8"?>
<!-- Generated by org.testng.reporters.JUnitReportReporter -->
<testsuite hostname="DESKTOP-5H7VECH" failures="0" tests="2" name="MavenTuts.MavenJava.AppiumTest" time="0.011" errors="0" timestamp="2022-08-16T13:09:37 IST" skipped="0">
  <testcase classname="MavenTuts.MavenJava.AppiumTest" name="nativeApp" time="0.002"/>
  <system-out/>
  <testcase classname="MavenTuts.MavenJava.AppiumTest" name="IOSApp" time="0.009"/>
  <system-out/>
</testsuite> <!-- MavenTuts.MavenJava.AppiumTest -->
