<?xml version="1.0" encoding="UTF-8"?>
<!-- Generated by org.testng.reporters.JUnitReportReporter -->
<testsuite hostname="DESKTOP-5H7VECH" failures="0" tests="2" name="MavenTuts.MavenJava.RsetAPITest" time="0.004" errors="0" timestamp="2022-08-16T13:08:59 IST" skipped="0">
  <testcase classname="MavenTuts.MavenJava.RsetAPITest" name="deleteTwitter" time="0.002"/>
  <system-out/>
  <testcase classname="MavenTuts.MavenJava.RsetAPITest" name="postJIRA" time="0.002"/>
  <system-out/>
</testsuite> <!-- MavenTuts.MavenJava.RsetAPITest -->
